<?xml version="1.0" encoding="UTF-8"?>
<!-- Generated by org.testng.reporters.JUnitXMLReporter -->
<testsuite ignored="35" hostname="GAVLMUMDT-046" failures="0" tests="1" name="Default test" time="7.205" errors="0" timestamp="2025-07-31T12:28:47 IST">
  <testcase classname="verifyCreateBrief.verifyCreateBrief" name="VerifyUserAbleToCreateBriefOnMileStonePageWithPriorityOfProjectAsStrategic_12_15_Months" time="5.091"/>
  <testcase classname="verifyCreateBrief.verifyCreateBrief" name="verifyUserAbleToEditBriefAfterClickingOnContinueEditingButton" time="0.0">
    <ignored/>
  </testcase> <!-- verifyUserAbleToEditBriefAfterClickingOnContinueEditingButton -->
  <testcase classname="verifyCreateBrief.verifyCreateBrief" name="VerifyUserAbleToCreateBriefOrNotWithoutEnteringBenchmarksExternal" time="0.0">
    <ignored/>
  </testcase> <!-- VerifyUserAbleToCreateBriefOrNotWithoutEnteringBenchmarksExternal -->
  <testcase classname="verifyCreateBrief.verifyCreateBrief" name="VerifyUserAbleToCreateBriefOnMileStonePage" time="0.0">
    <ignored/>
  </testcase> <!-- VerifyUserAbleToCreateBriefOnMileStonePage -->
  <testcase classname="verifyCreateBrief.verifyCreateBrief" name="VerifyUserAbleToCreateBriefOrNotWithoutEnteringGoodToHave" time="0.0">
    <ignored/>
  </testcase> <!-- VerifyUserAbleToCreateBriefOrNotWithoutEnteringGoodToHave -->
  <testcase classname="verifyCreateBrief.verifyCreateBrief" name="VerifyFurtherPageShouldBeDisplayAfterClickingOnTheNextButton" time="0.0">
    <ignored/>
  </testcase> <!-- VerifyFurtherPageShouldBeDisplayAfterClickingOnTheNextButton -->
  <testcase classname="verifyCreateBrief.verifyCreateBrief" name="ToCheckCancelFeatures" time="0.0">
    <ignored/>
  </testcase> <!-- ToCheckCancelFeatures -->
  <testcase classname="verifyCreateBrief.verifyCreateBrief" name="NextPageShouldDisplayAfterClickingOnTheNextButton" time="0.0">
    <ignored/>
  </testcase> <!-- NextPageShouldDisplayAfterClickingOnTheNextButton -->
  <testcase classname="verifyCreateBrief.verifyCreateBrief" name="VerifyUserAbleToCreateBriefOrNotWithoutSelectingRnDLead" time="0.0">
    <ignored/>
  </testcase> <!-- VerifyUserAbleToCreateBriefOrNotWithoutSelectingRnDLead -->
  <testcase classname="verifyCreateBrief.verifyCreateBrief" name="VerifyUserAbleToCreateBriefOrNotWithoutEnteringKeyMarket" time="0.0">
    <ignored/>
  </testcase> <!-- VerifyUserAbleToCreateBriefOrNotWithoutEnteringKeyMarket -->
  <testcase classname="verifyCreateBrief.verifyCreateBrief" name="VerifyUserAbleToCreateBriefOrNotWithoutEnteringMustHave" time="0.0">
    <ignored/>
  </testcase> <!-- VerifyUserAbleToCreateBriefOrNotWithoutEnteringMustHave -->
  <testcase classname="verifyCreateBrief.verifyCreateBrief" name="VerifyUserAbleToCreateBriefOrNotWithoutEnteringProductCategory" time="0.0">
    <ignored/>
  </testcase> <!-- VerifyUserAbleToCreateBriefOrNotWithoutEnteringProductCategory -->
  <testcase classname="verifyCreateBrief.verifyCreateBrief" name="VerifyUserAbleToCreateBriefOrNotWithoutEnteringVegNonVeg" time="0.0">
    <ignored/>
  </testcase> <!-- VerifyUserAbleToCreateBriefOrNotWithoutEnteringVegNonVeg -->
  <testcase classname="verifyCreateBrief.verifyCreateBrief" name="ToCheckIfThePageIsMovingToPreviousPageProductDetails" time="0.0">
    <ignored/>
  </testcase> <!-- ToCheckIfThePageIsMovingToPreviousPageProductDetails -->
  <testcase classname="verifyCreateBrief.verifyCreateBrief" name="verifyUserAbleToSaveBriefAsSaveSsDraft" time="0.0">
    <ignored/>
  </testcase> <!-- verifyUserAbleToSaveBriefAsSaveSsDraft -->
  <testcase classname="verifyCreateBrief.verifyCreateBrief" name="PreviousPageShouldBeDisplayAfterClickingOnThePreviousButton" time="0.0">
    <ignored/>
  </testcase> <!-- PreviousPageShouldBeDisplayAfterClickingOnThePreviousButton -->
  <testcase classname="verifyCreateBrief.verifyCreateBrief" name="VerifyUserAbleToCreateBriefOrNotWithoutEnteringPhysicalAttributeShapeSizeAppearance" time="0.0">
    <ignored/>
  </testcase> <!-- VerifyUserAbleToCreateBriefOrNotWithoutEnteringPhysicalAttributeShapeSizeAppearance -->
  <testcase classname="verifyCreateBrief.verifyCreateBrief" name="VerifyUserAbleToCreateBriefOrNotWithoutEnteringClaims" time="0.0">
    <ignored/>
  </testcase> <!-- VerifyUserAbleToCreateBriefOrNotWithoutEnteringClaims -->
  <testcase classname="verifyCreateBrief.verifyCreateBrief" name="VerifyUserAbleToCreateBriefOrNot" time="0.0">
    <ignored/>
  </testcase> <!-- VerifyUserAbleToCreateBriefOrNot -->
  <testcase classname="verifyCreateBrief.verifyCreateBrief" name="VerifyUserAbleToCreateBriefOrNotWithoutEnteringProjectChampion" time="0.0">
    <ignored/>
  </testcase> <!-- VerifyUserAbleToCreateBriefOrNotWithoutEnteringProjectChampion -->
  <testcase classname="verifyCreateBrief.verifyCreateBrief" name="VerifyUserAbleToCreateBriefOrNotWithoutEnteringConceptConsumerInsightProductStory_USP_RTB" time="0.0">
    <ignored/>
  </testcase> <!-- VerifyUserAbleToCreateBriefOrNotWithoutEnteringConceptConsumerInsightProductStory_USP_RTB -->
  <testcase classname="verifyCreateBrief.verifyCreateBrief" name="VerifyUserAbleToCreateBriefOrNotWithoutEnteringSensorialAttribute_Flavour_Taste_Texture" time="0.0">
    <ignored/>
  </testcase> <!-- VerifyUserAbleToCreateBriefOrNotWithoutEnteringSensorialAttribute_Flavour_Taste_Texture -->
  <testcase classname="verifyCreateBrief.verifyCreateBrief" name="VerifyUserAbleToCreateBriefOrNotWithoutEnteringChannel" time="0.0">
    <ignored/>
  </testcase> <!-- VerifyUserAbleToCreateBriefOrNotWithoutEnteringChannel -->
  <testcase classname="verifyCreateBrief.verifyCreateBrief" name="ToCheckIfThePageIsMovingToNextPageProductDetails" time="0.0">
    <ignored/>
  </testcase> <!-- ToCheckIfThePageIsMovingToNextPageProductDetails -->
  <testcase classname="verifyCreateBrief.verifyCreateBrief" name="VerifyUserAbleToCreateBriefOrNotWithoutEnteringEPDNPD" time="0.0">
    <ignored/>
  </testcase> <!-- VerifyUserAbleToCreateBriefOrNotWithoutEnteringEPDNPD -->
  <testcase classname="verifyCreateBrief.verifyCreateBrief" name="VerifyUserAbleToCreateBriefOrNotWithoutEnteringIntermittentMilestones" time="0.0">
    <ignored/>
  </testcase> <!-- VerifyUserAbleToCreateBriefOrNotWithoutEnteringIntermittentMilestones -->
  <testcase classname="verifyCreateBrief.verifyCreateBrief" name="VerifyUserAbleToCreateBriefOrNotWithoutEnteringPointOfDifferentiationVsInternal" time="0.0">
    <ignored/>
  </testcase> <!-- VerifyUserAbleToCreateBriefOrNotWithoutEnteringPointOfDifferentiationVsInternal -->
  <testcase classname="verifyCreateBrief.verifyCreateBrief" name="VerifyUserAbleToCreateBriefOrNotWithoutEnteringReasonForPrioritization_TargetConsumer_SourceOfBusiness_Business_Rationale" time="0.0">
    <ignored/>
  </testcase> <!-- VerifyUserAbleToCreateBriefOrNotWithoutEnteringReasonForPrioritization_TargetConsumer_SourceOfBusiness_Business_Rationale -->
  <testcase classname="verifyCreateBrief.verifyCreateBrief" name="VerifyUserAbleToCreateBriefOrNotWithoutEnteringNewPackaging" time="0.0">
    <ignored/>
  </testcase> <!-- VerifyUserAbleToCreateBriefOrNotWithoutEnteringNewPackaging -->
  <testcase classname="verifyCreateBrief.verifyCreateBrief" name="VerifyUserShouldBeAbleToFillAllRequiredDetailsInCommercialPage" time="0.0">
    <ignored/>
  </testcase> <!-- VerifyUserShouldBeAbleToFillAllRequiredDetailsInCommercialPage -->
  <testcase classname="verifyCreateBrief.verifyCreateBrief" name="VerifyUserAbleToCreateBriefOrNotWithoutEnteringIfPointOfDifferentiationVsExternal" time="0.0">
    <ignored/>
  </testcase> <!-- VerifyUserAbleToCreateBriefOrNotWithoutEnteringIfPointOfDifferentiationVsExternal -->
  <testcase classname="verifyCreateBrief.verifyCreateBrief" name="VerifyUserAbleToCreateProductDetailOrNot" time="0.0">
    <ignored/>
  </testcase> <!-- VerifyUserAbleToCreateProductDetailOrNot -->
  <testcase classname="verifyCreateBrief.verifyCreateBrief" name="VerifyUserAbleToCreateBriefOrNotWithoutEnteringObjective" time="0.0">
    <ignored/>
  </testcase> <!-- VerifyUserAbleToCreateBriefOrNotWithoutEnteringObjective -->
  <testcase classname="verifyCreateBrief.verifyCreateBrief" name="VerifyUserAbleToCreateBriefOnMileStonePageWithPriorityOfProjectAsIntermediate_6_9_Months" time="0.0">
    <ignored/>
  </testcase> <!-- VerifyUserAbleToCreateBriefOnMileStonePageWithPriorityOfProjectAsIntermediate_6_9_Months -->
  <testcase classname="verifyCreateBrief.verifyCreateBrief" name="VerifyUserAbleToCreateBriefOrNotWithoutEnteringProductNameFlavoursSKUSizes" time="0.0">
    <ignored/>
  </testcase> <!-- VerifyUserAbleToCreateBriefOrNotWithoutEnteringProductNameFlavoursSKUSizes -->
  <testcase classname="verifyCreateBrief.verifyCreateBrief" name="VerifyUserAbleToCreateBriefOrNotWithoutEnteringExpectedShelfLife" time="0.0">
    <ignored/>
  </testcase> <!-- VerifyUserAbleToCreateBriefOrNotWithoutEnteringExpectedShelfLife -->
</testsuite> <!-- Default test -->
