<?xml version="1.0" encoding="UTF-8"?>
<!-- Generated by org.testng.reporters.JUnitXMLReporter -->
<testsuite ignored="9" hostname="GAVLMUMDT-046" failures="0" tests="1" name="Default test" time="7.308" errors="0" timestamp="2025-07-24T17:34:58 IST">
  <testcase classname="verifyCreateBrief.verifyCreateBrief" name="ToCheckCancelFeatures" time="3.078"/>
  <testcase classname="verifyCreateBrief.verifyCreateBrief" name="VerifyUserAbleToCreateBriefOrNotWithoutEnteringChannel" time="0.0">
    <ignored/>
  </testcase> <!-- VerifyUserAbleToCreateBriefOrNotWithoutEnteringChannel -->
  <testcase classname="verifyCreateBrief.verifyCreateBrief" name="VerifyUserAbleToCreateBriefOrNot" time="0.0">
    <ignored/>
  </testcase> <!-- VerifyUserAbleToCreateBriefOrNot -->
  <testcase classname="verifyCreateBrief.verifyCreateBrief" name="VerifyUserAbleToCreateBriefOrNotWithoutEnteringProjectChampion" time="0.0">
    <ignored/>
  </testcase> <!-- VerifyUserAbleToCreateBriefOrNotWithoutEnteringProjectChampion -->
  <testcase classname="verifyCreateBrief.verifyCreateBrief" name="VerifyUserAbleToCreateBriefOrNotWithoutEnteringObjective" time="0.0">
    <ignored/>
  </testcase> <!-- VerifyUserAbleToCreateBriefOrNotWithoutEnteringObjective -->
  <testcase classname="verifyCreateBrief.verifyCreateBrief" name="VerifyUserAbleToCreateBriefOrNotWithoutEnteringProductCategory" time="0.0">
    <ignored/>
  </testcase> <!-- VerifyUserAbleToCreateBriefOrNotWithoutEnteringProductCategory -->
  <testcase classname="verifyCreateBrief.verifyCreateBrief" name="VerifyUserAbleToCreateBriefOrNotWithoutSelectingRnDLead" time="0.0">
    <ignored/>
  </testcase> <!-- VerifyUserAbleToCreateBriefOrNotWithoutSelectingRnDLead -->
  <testcase classname="verifyCreateBrief.verifyCreateBrief" name="VerifyUserAbleToCreateBriefOrNotWithoutEnteringKeyMarket" time="0.0">
    <ignored/>
  </testcase> <!-- VerifyUserAbleToCreateBriefOrNotWithoutEnteringKeyMarket -->
  <testcase classname="verifyCreateBrief.verifyCreateBrief" name="VerifyUserAbleToCreateBriefOrNotWithoutEnteringEPDNPD" time="0.0">
    <ignored/>
  </testcase> <!-- VerifyUserAbleToCreateBriefOrNotWithoutEnteringEPDNPD -->
  <testcase classname="verifyCreateBrief.verifyCreateBrief" name="VerifyUserAbleToCreateBriefOrNotWithoutEnteringVegNonVeg" time="0.0">
    <ignored/>
  </testcase> <!-- VerifyUserAbleToCreateBriefOrNotWithoutEnteringVegNonVeg -->
</testsuite> <!-- Default test -->
