<?xml version="1.0" encoding="UTF-8"?>
<testng-results ignored="35" total="36" passed="1" failed="0" skipped="0">
  <reporter-output>
  </reporter-output>
  <suite started-at="2025-07-31T12:28:39 IST" name="Default suite" finished-at="2025-07-31T12:28:47 IST" duration-ms="7205">
    <groups>
    </groups>
    <test started-at="2025-07-31T12:28:39 IST" name="Default test" finished-at="2025-07-31T12:28:47 IST" duration-ms="7205">
      <class name="verifyCreateBrief.verifyCreateBrief">
        <test-method is-config="true" signature="Login()[pri:0, instance:verifyCreateBrief.verifyCreateBrief@192c3f1e]" started-at="2025-07-31T12:28:39 IST" name="Login" finished-at="2025-07-31T12:28:41 IST" duration-ms="2073" status="PASS">
          <reporter-output>
          </reporter-output>
        </test-method> <!-- Login -->
        <test-method signature="VerifyUserAbleToCreateBriefOnMileStonePageWithPriorityOfProjectAsStrategic_12_15_Months()[pri:0, instance:verifyCreateBrief.verifyCreateBrief@192c3f1e]" started-at="2025-07-31T12:28:41 IST" name="VerifyUserAbleToCreateBriefOnMileStonePageWithPriorityOfProjectAsStrategic_12_15_Months" finished-at="2025-07-31T12:28:46 IST" duration-ms="5091" status="PASS">
          <reporter-output>
          </reporter-output>
        </test-method> <!-- VerifyUserAbleToCreateBriefOnMileStonePageWithPriorityOfProjectAsStrategic_12_15_Months -->
      </class> <!-- verifyCreateBrief.verifyCreateBrief -->
    </test> <!-- Default test -->
  </suite> <!-- Default suite -->
</testng-results>
