<?xml version="1.0" encoding="UTF-8"?>
<testng-results ignored="9" total="10" passed="1" failed="0" skipped="0">
  <reporter-output>
  </reporter-output>
  <suite started-at="2025-07-24T17:34:51 IST" name="Default suite" finished-at="2025-07-24T17:34:58 IST" duration-ms="7308">
    <groups>
    </groups>
    <test started-at="2025-07-24T17:34:51 IST" name="Default test" finished-at="2025-07-24T17:34:58 IST" duration-ms="7308">
      <class name="verifyCreateBrief.verifyCreateBrief">
        <test-method is-config="true" signature="Login()[pri:0, instance:verifyCreateBrief.verifyCreateBrief@79d8407f]" started-at="2025-07-24T17:34:51 IST" name="Login" finished-at="2025-07-24T17:34:55 IST" duration-ms="4205" status="PASS">
          <reporter-output>
          </reporter-output>
        </test-method> <!-- Login -->
        <test-method signature="ToCheckCancelFeatures()[pri:0, instance:verifyCreateBrief.verifyCreateBrief@79d8407f]" started-at="2025-07-24T17:34:55 IST" name="ToCheckCancelFeatures" finished-at="2025-07-24T17:34:58 IST" duration-ms="3078" status="PASS">
          <reporter-output>
          </reporter-output>
        </test-method> <!-- ToCheckCancelFeatures -->
      </class> <!-- verifyCreateBrief.verifyCreateBrief -->
    </test> <!-- Default test -->
  </suite> <!-- Default suite -->
</testng-results>
